<?xml version="1.0" encoding="UTF-8"?>
<!-- Generated by org.testng.reporters.JUnitReportReporter -->
<testsuite hostname="DESKTOP-G3DD0U6" name="avactis_tests.FurniturePageTest" tests="2" failures="0" timestamp="3 Mar 2020 06:48:09 GMT" time="3.954" errors="0">
  <testcase name="selectProductTest" time="3.899" classname="avactis_tests.FurniturePageTest"/>
  <testcase name="validatePageTitleTest" time="0.055" classname="avactis_tests.FurniturePageTest"/>
</testsuite> <!-- avactis_tests.FurniturePageTest -->
