<?xml version="1.0" encoding="UTF-8"?>
<!-- Generated by org.testng.reporters.JUnitReportReporter -->
<testsuite hostname="DESKTOP-G3DD0U6" name="avactis_tests.ProductPageTest" tests="6" failures="0" timestamp="3 Mar 2020 07:07:03 GMT" time="9.928" errors="0">
  <testcase name="clickOnaddToCartTest" time="0.157" classname="avactis_tests.ProductPageTest"/>
  <testcase name="clickOnadd_to_cartTest" time="0.116" classname="avactis_tests.ProductPageTest"/>
  <testcase name="validatepageTitleTest" time="0.068" classname="avactis_tests.ProductPageTest"/>
  <testcase name="seletSizeTest" time="0.367" classname="avactis_tests.ProductPageTest"/>
  <testcase name="selectQuantityTest" time="0.208" classname="avactis_tests.ProductPageTest"/>
  <testcase name="selectquantityTest" time="9.012" classname="avactis_tests.ProductPageTest"/>
</testsuite> <!-- avactis_tests.ProductPageTest -->
