<?xml version="1.0" encoding="UTF-8"?>
<!-- Generated by org.testng.reporters.JUnitReportReporter -->
<testsuite hostname="DESKTOP-G3DD0U6" name="avactis_tests.ApparelPageTest" tests="2" failures="0" timestamp="24 Feb 2020 07:47:54 GMT" time="104.873" errors="0">
  <testcase name="clickOnProductTest" time="65.409" classname="avactis_tests.ApparelPageTest"/>
  <testcase name="apparelPageTitleTest" time="39.464" classname="avactis_tests.ApparelPageTest"/>
</testsuite> <!-- avactis_tests.ApparelPageTest -->
