<?xml version="1.0" encoding="UTF-8"?>
<!-- Generated by org.testng.reporters.JUnitReportReporter -->
<testsuite hostname="DESKTOP-G3DD0U6" name="avactis_tests.MyCartPageTest" tests="3" failures="0" timestamp="25 Feb 2020 06:06:11 GMT" time="9.405" errors="0">
  <testcase name="clickOnMyCartTest" time="4.485" classname="avactis_tests.MyCartPageTest"/>
  <testcase name="validatePageTitleTest" time="0.067" classname="avactis_tests.MyCartPageTest"/>
  <testcase name="clickOnCheckoutTest" time="4.853" classname="avactis_tests.MyCartPageTest"/>
</testsuite> <!-- avactis_tests.MyCartPageTest -->
