<?xml version="1.0" encoding="UTF-8"?>
<!-- Generated by org.testng.reporters.JUnitReportReporter -->
<testsuite hostname="DESKTOP-G3DD0U6" name="avactis_tests.IndexPageTest" tests="3" failures="0" timestamp="24 Feb 2020 07:40:38 GMT" time="151.747" errors="0">
  <testcase name="indexPageTitleTest" time="35.472" classname="avactis_tests.IndexPageTest"/>
  <testcase name="avactisLogoImageTest" time="41.252" classname="avactis_tests.IndexPageTest"/>
  <testcase name="clickOnApparelTest" time="75.023" classname="avactis_tests.IndexPageTest"/>
</testsuite> <!-- avactis_tests.IndexPageTest -->
