<?xml version="1.0" encoding="UTF-8"?>
<!-- Generated by org.testng.reporters.JUnitReportReporter -->
<testsuite hostname="DESKTOP-G3DD0U6" name="avactis_tests.HomePageTest" tests="1" failures="0" timestamp="24 Feb 2020 07:35:10 GMT" time="35.262" errors="0">
  <testcase name="gotoIndexPageTest" time="35.262" classname="avactis_tests.HomePageTest"/>
</testsuite> <!-- avactis_tests.HomePageTest -->
